AndroidStudioStudy/5-AndroidDevelopmentArt/2/2.2/2.2.2/app/build/intermediates/manifest_merge_blame_file/debug/manifest-merger-blame-debug-report.txt
1<?xml version="1.0" encoding="utf-8"?>
2<manifest xmlns:android="http://schemas.android.com/apk/res/android"
3    package="com.xiaoyingbo.a222"
4    android:versionCode="1"
5    android:versionName="1.0" >
6
7    <uses-sdk
8        android:minSdkVersion="16"
8-->src\main\AndroidManifest.xml
9        android:targetSdkVersion="32" />
9-->src\main\AndroidManifest.xml
10
11    <application
11-->src\main\AndroidManifest.xml:6:5-34:19
12        android:allowBackup="true"
12-->src\main\AndroidManifest.xml:7:9-35
13        android:appComponentFactory="androidx.core.app.CoreComponentFactory"
13-->[androidx.core:core:1.5.0] AndroidManifest.xml:24:18-86
14        android:dataExtractionRules="@xml/data_extraction_rules"
14-->src\main\AndroidManifest.xml:8:9-65
15        android:debuggable="true"
16        android:fullBackupContent="@xml/backup_rules"
16-->src\main\AndroidManifest.xml:9:9-54
17        android:icon="@mipmap/ic_launcher"
17-->src\main\AndroidManifest.xml:10:9-43
18        android:label="@string/app_name"
18-->src\main\AndroidManifest.xml:11:9-41
19        android:roundIcon="@mipmap/ic_launcher_round"
19-->src\main\AndroidManifest.xml:12:9-54
20        android:supportsRtl="true"
20-->src\main\AndroidManifest.xml:13:9-35
21        android:testOnly="true"
22        android:theme="@style/Theme.222" >
22-->src\main\AndroidManifest.xml:14:9-41
23        <activity
23-->src\main\AndroidManifest.xml:16:9-19:40
24            android:name="com.xiaoyingbo.a222.ThirdActivity"
24-->src\main\AndroidManifest.xml:17:13-42
25            android:exported="false"
25-->src\main\AndroidManifest.xml:18:13-37
26            android:process=":remote" />
26-->src\main\AndroidManifest.xml:19:13-38
27        <activity
27-->src\main\AndroidManifest.xml:20:9-23:59
28            android:name="com.xiaoyingbo.a222.SecondActivity"
28-->src\main\AndroidManifest.xml:21:13-43
29            android:exported="false"
29-->src\main\AndroidManifest.xml:22:13-37
30            android:process="com.xiaoyingbo.a222.remote" />
30-->src\main\AndroidManifest.xml:23:13-57
31        <activity
31-->src\main\AndroidManifest.xml:24:9-33:20
32            android:name="com.xiaoyingbo.a222.MainActivity"
32-->src\main\AndroidManifest.xml:25:13-41
33            android:exported="true"
33-->src\main\AndroidManifest.xml:26:13-36
34            android:launchMode="standard" >
34-->src\main\AndroidManifest.xml:27:13-42
35            <intent-filter>
35-->src\main\AndroidManifest.xml:28:13-32:29
36                <action android:name="android.intent.action.MAIN" />
36-->src\main\AndroidManifest.xml:29:17-69
36-->src\main\AndroidManifest.xml:29:25-66
37
38                <category android:name="android.intent.category.LAUNCHER" />
38-->src\main\AndroidManifest.xml:31:17-77
38-->src\main\AndroidManifest.xml:31:27-74
39            </intent-filter>
40        </activity>
41    </application>
42
43</manifest>